<?xml version="1.0" encoding="UTF-8"?>
<!-- Generated by org.testng.reporters.JUnitReportReporter -->
<testsuite hostname="win2019" failures="0" tests="1" name="Case_study.Placeholder_restassured" time="4.906" errors="0" timestamp="2024-09-02T03:32:24 PDT" skipped="0">
  <testcase classname="Case_study.Placeholder_restassured" name="Method1" time="4.906"/>
  <system-out/>
</testsuite> <!-- Case_study.Placeholder_restassured -->
