<?xml version="1.0" encoding="UTF-8"?>
<!-- Generated by org.testng.reporters.JUnitReportReporter -->
<testsuite hostname="win2019" failures="0" tests="1" name="Case_study.BDD_STYLE2" time="5.172" errors="0" timestamp="2024-09-01T23:48:19 PDT" skipped="0">
  <testcase classname="Case_study.BDD_STYLE2" name="get_example2" time="5.172"/>
  <system-out/>
</testsuite> <!-- Case_study.BDD_STYLE2 -->
