<?xml version="1.0" encoding="UTF-8"?>
<!-- Generated by org.testng.reporters.JUnitReportReporter -->
<testsuite hostname="win2019" failures="0" tests="1" name="Rest_assured_first_demo.first_demo.BDD_Style" time="5.482" errors="0" timestamp="2024-09-01T23:39:07 PDT" skipped="0">
  <testcase classname="Rest_assured_first_demo.first_demo.BDD_Style" name="get_example" time="5.482"/>
  <system-out/>
</testsuite> <!-- Rest_assured_first_demo.first_demo.BDD_Style -->
