<?xml version="1.0" encoding="UTF-8"?>
<!-- Generated by org.testng.reporters.JUnitReportReporter -->
<testsuite hostname="win2019" failures="0" tests="1" name="Case_study.BDD_STYLE3" time="3.788" errors="0" timestamp="2024-09-02T03:33:03 PDT" skipped="0">
  <testcase classname="Case_study.BDD_STYLE3" name="get_example3" time="3.788"/>
  <system-out/>
</testsuite> <!-- Case_study.BDD_STYLE3 -->
