<?xml version="1.0" encoding="UTF-8"?>
<!-- Generated by org.testng.reporters.JUnitReportReporter -->
<testsuite hostname="win2019" failures="0" tests="1" name="Rest_assured_first_demo.first_demo.Post_request_1" time="3.538" errors="0" timestamp="2024-09-02T02:26:41 PDT" skipped="0">
  <testcase classname="Rest_assured_first_demo.first_demo.Post_request_1" name="post_method" time="3.538"/>
  <system-out/>
</testsuite> <!-- Rest_assured_first_demo.first_demo.Post_request_1 -->
