<?xml version="1.0" encoding="UTF-8"?>
<!-- Generated by org.testng.reporters.JUnitReportReporter -->
<testsuite hostname="win2019" failures="0" tests="1" name="Rest_assured_first_demo.first_demo.BaseURI_BasePth_Global" time="4.311" errors="0" timestamp="2024-09-02T01:17:08 PDT" skipped="0">
  <testcase classname="Rest_assured_first_demo.first_demo.BaseURI_BasePth_Global" name="reques1" time="4.311"/>
  <system-out/>
</testsuite> <!-- Rest_assured_first_demo.first_demo.BaseURI_BasePth_Global -->
